{
  "RSpec": {
    "coverage": {
      "/Users/suzannehuldt/Documents/week_4/bookmark_manager/spec/features/app_spec.rb": [
        1,
        1
      ],
      "/Users/suzannehuldt/Documents/week_4/bookmark_manager/spec/features/creating_links_spec.rb": [
        null,
        null,
        1,
        null,
        1,
        1,
        1,
        1,
        1,
        1,
        1,
        1,
        null,
        null,
        null
      ],
      "/Users/suzannehuldt/Documents/week_4/bookmark_manager/spec/features/filter_spec.rb": [
        1,
        1,
        1,
        1,
        1,
        1,
        1,
        1,
        1,
        1,
        1,
        1,
        1,
        1,
        1,
        null,
        null
      ],
      "/Users/suzannehuldt/Documents/week_4/bookmark_manager/spec/features/tag_spec.rb": [
        1,
        1,
        1,
        1,
        1,
        1,
        1,
        1,
        1,
        null,
        1,
        1,
        1,
        1,
        1,
        1,
        1,
        1,
        null,
        null
      ]
    },
    "timestamp": 1510850721
  }
}
